<?xml version="1.0" encoding="UTF-8"?>
<!-- Generated by org.testng.reporters.JUnitReportReporter -->
<testsuite hostname="TRISTANR01" failures="0" tests="2" name="NewTest" time="1.312" errors="0" timestamp="2023-10-25T16:04:53 IST" skipped="0">
  <testcase classname="NewTest" name="testGetRequest" time="0.558"/>
  <system-out/>
  <testcase classname="NewTest" name="testPostRequest" time="0.754"/>
  <system-out/>
</testsuite> <!-- NewTest -->
