<?xml version="1.0" encoding="UTF-8"?>
<!-- Generated by org.testng.reporters.JUnitReportReporter -->
<testsuite hostname="TRISTANR01" failures="0" tests="2" name="stepDefinition.NewTest" time="1.037" errors="0" timestamp="2023-10-25T16:07:56 IST" skipped="0">
  <testcase classname="stepDefinition.NewTest" name="testPostRequest" time="0.749"/>
  <system-out/>
  <testcase classname="stepDefinition.NewTest" name="testGetRequest" time="0.288"/>
  <system-out/>
</testsuite> <!-- stepDefinition.NewTest -->
